#
# A fatal error has been detected by the Java Runtime Environment:
#
#  EXCEPTION_ACCESS_VIOLATION (0xc0000005) at pc=0x00007ffe270b90e6, pid=14136, tid=4832
#
# JRE version: Java(TM) SE Runtime Environment 18.9 (11.0.11+9) (build 11.0.11+9-LTS-194)
# Java VM: Java HotSpot(TM) 64-Bit Server VM 18.9 (11.0.11+9-LTS-194, mixed mode, tiered, compressed oops, g1 gc, windows-amd64)
# Problematic frame:
# V  [jvm.dll+0x2f90e6]
#
# No core dump will be written. Minidumps are not enabled by default on client versions of Windows
#
# If you would like to submit a bug report, please visit:
#   https://bugreport.java.com/bugreport/crash.jsp
#

---------------  S U M M A R Y ------------

Command Line: -XX:TieredStopAtLevel=1 -Xverify:none -Dspring.output.ansi.enabled=always -javaagent:C:\Program Files\JetBrains\IntelliJ IDEA 2021.1.3\lib\idea_rt.jar=58865:C:\Program Files\JetBrains\IntelliJ IDEA 2021.1.3\bin -Dcom.sun.management.jmxremote -Dspring.jmx.enabled=true -Dspring.liveBeansView.mbeanDomain -Dspring.application.admin.enabled=true -Dfile.encoding=UTF-8 com.epam.esm.controller.EsmApplicationRunner

Host: Intel(R) Core(TM) i7-8550U CPU @ 1.80GHz, 8 cores, 15G,  Windows 10 , 64 bit Build 17763 (10.0.17763.1)
Time: Sun Nov 28 17:51:32 2021 Belarus Standard Time elapsed time: 0.921048 seconds (0d 0h 0m 0s)

---------------  T H R E A D  ---------------

Current thread (0x0000026501bd0800):  GCTaskThread "GC Thread#3" [stack: 0x0000009084900000,0x0000009084a00000] [id=4832]

Stack: [0x0000009084900000,0x0000009084a00000],  sp=0x00000090849fdc80,  free space=1015k
Native frames: (J=compiled Java code, j=interpreted, Vv=VM code, C=native code)
V  [jvm.dll+0x2f90e6]
V  [jvm.dll+0x2f79e3]
V  [jvm.dll+0x2f762e]
V  [jvm.dll+0x606c69]
V  [jvm.dll+0x2c6efe]
V  [jvm.dll+0x2c6969]
V  [jvm.dll+0x712fc7]
V  [jvm.dll+0x713450]
V  [jvm.dll+0x308c65]
V  [jvm.dll+0x308744]
V  [jvm.dll+0x2d94d3]
V  [jvm.dll+0x77a9d0]
V  [jvm.dll+0x70dfc4]
V  [jvm.dll+0x6160f6]
C  [ucrtbase.dll+0x203ba]
C  [KERNEL32.DLL+0x17e94]
C  [ntdll.dll+0x67ad1]

JavaThread 0x000002655ce16800 (nid = 10024) was being processed
Java frames: (J=compiled Java code, j=interpreted, Vv=VM code)
v  ~RuntimeStub::new_type_array Runtime1 stub
J 67 c1 java.lang.AbstractStringBuilder.ensureCapacityInternal(I)V java.base@11.0.11 (39 bytes) @ 0x00000265659f41b4 [0x00000265659f3fc0+0x00000000000001f4]
J 705 c1 java.lang.AbstractStringBuilder.append([CII)Ljava/lang/AbstractStringBuilder; java.base@11.0.11 (33 bytes) @ 0x0000026565abb8bc [0x0000026565abb840+0x000000000000007c]
J 606 c1 jdk.internal.org.objectweb.asm.Type.getDescriptor(Ljava/lang/StringBuilder;)V java.base@11.0.11 (87 bytes) @ 0x0000026565aa12ec [0x0000026565aa1260+0x000000000000008c]
J 622 c1 jdk.internal.org.objectweb.asm.Type.getDescriptor()Ljava/lang/String; java.base@11.0.11 (18 bytes) @ 0x0000026565aa3c9c [0x0000026565aa3be0+0x00000000000000bc]
j  jdk.internal.org.objectweb.asm.Frame.initInputFrame(Ljdk/internal/org/objectweb/asm/ClassWriter;I[Ljdk/internal/org/objectweb/asm/Type;I)V+83 java.base@11.0.11
j  jdk.internal.org.objectweb.asm.MethodWriter.visitMaxs(II)V+182 java.base@11.0.11
j  java.lang.invoke.InvokerBytecodeGenerator.methodEpilogue()V+6 java.base@11.0.11
j  java.lang.invoke.InvokerBytecodeGenerator.addMethod()V+681 java.base@11.0.11
j  java.lang.invoke.InvokerBytecodeGenerator.generateCustomizedCodeBytes()[B+6 java.base@11.0.11
j  java.lang.invoke.InvokerBytecodeGenerator.generateCustomizedCode(Ljava/lang/invoke/LambdaForm;Ljava/lang/invoke/MethodType;)Ljava/lang/invoke/MemberName;+26 java.base@11.0.11
j  java.lang.invoke.LambdaForm.compileToBytecode()V+69 java.base@11.0.11
j  java.lang.invoke.DirectMethodHandle.makePreparedLambdaForm(Ljava/lang/invoke/MethodType;I)Ljava/lang/invoke/LambdaForm;+781 java.base@11.0.11
j  java.lang.invoke.DirectMethodHandle.preparedLambdaForm(Ljava/lang/invoke/MethodType;I)Ljava/lang/invoke/LambdaForm;+17 java.base@11.0.11
j  java.lang.invoke.DirectMethodHandle.preparedLambdaForm(Ljava/lang/invoke/MemberName;Z)Ljava/lang/invoke/LambdaForm;+163 java.base@11.0.11
J 709 c1 java.lang.invoke.DirectMethodHandle.make(BLjava/lang/Class;Ljava/lang/invoke/MemberName;Ljava/lang/Class;)Ljava/lang/invoke/DirectMethodHandle; java.base@11.0.11 (263 bytes) @ 0x0000026565abe41c [0x0000026565abdf60+0x00000000000004bc]
j  java.lang.invoke.MethodHandles$Lookup.getDirectMethodCommon(BLjava/lang/Class;Ljava/lang/invoke/MemberName;ZZLjava/lang/invoke/MethodHandles$Lookup;)Ljava/lang/invoke/MethodHandle;+205 java.base@11.0.11
j  java.lang.invoke.MethodHandles$Lookup.getDirectMethodNoSecurityManager(BLjava/lang/Class;Ljava/lang/invoke/MemberName;Ljava/lang/invoke/MethodHandles$Lookup;)Ljava/lang/invoke/MethodHandle;+14 java.base@11.0.11
j  java.lang.invoke.MethodHandles$Lookup.getDirectMethodForConstant(BLjava/lang/Class;Ljava/lang/invoke/MemberName;)Ljava/lang/invoke/MethodHandle;+31 java.base@11.0.11
j  java.lang.invoke.MethodHandles$Lookup.linkMethodHandleConstant(BLjava/lang/Class;Ljava/lang/String;Ljava/lang/Object;)Ljava/lang/invoke/MethodHandle;+150 java.base@11.0.11
j  java.lang.invoke.MethodHandleNatives.linkMethodHandleConstant(Ljava/lang/Class;ILjava/lang/Class;Ljava/lang/String;Ljava/lang/Object;)Ljava/lang/invoke/MethodHandle;+38 java.base@11.0.11
v  ~StubRoutines::call_stub
j  java.util.function.Function.andThen(Ljava/util/function/Function;)Ljava/util/function/Function;+7 java.base@11.0.11
j  java.util.stream.Collectors.collectingAndThen(Ljava/util/stream/Collector;Ljava/util/function/Function;)Ljava/util/stream/Collector;+85 java.base@11.0.11
j  org.springframework.core.io.support.SpringFactoriesLoader.lambda$loadSpringFactories$1(Ljava/lang/String;Ljava/util/List;)Ljava/util/List;+19
j  org.springframework.core.io.support.SpringFactoriesLoader$$Lambda$85.apply(Ljava/lang/Object;Ljava/lang/Object;)Ljava/lang/Object;+8
j  java.util.HashMap.replaceAll(Ljava/util/function/BiFunction;)V+76 java.base@11.0.11
j  org.springframework.core.io.support.SpringFactoriesLoader.loadSpringFactories(Ljava/lang/ClassLoader;)Ljava/util/Map;+205
j  org.springframework.core.io.support.SpringFactoriesLoader.loadFactoryNames(Ljava/lang/Class;Ljava/lang/ClassLoader;)Ljava/util/List;+18
j  org.springframework.boot.SpringApplication.getSpringFactoriesInstances(Ljava/lang/Class;[Ljava/lang/Class;[Ljava/lang/Object;)Ljava/util/Collection;+13
j  org.springframework.boot.SpringApplication.getSpringFactoriesInstances(Ljava/lang/Class;)Ljava/util/Collection;+10
j  org.springframework.boot.SpringApplication.getBootstrapRegistryInitializersFromSpringFactories()Ljava/util/List;+11
j  org.springframework.boot.SpringApplication.<init>(Lorg/springframework/core/io/ResourceLoader;[Ljava/lang/Class;)V+113
j  org.springframework.boot.SpringApplication.<init>([Ljava/lang/Class;)V+3
j  org.springframework.boot.SpringApplication.run([Ljava/lang/Class;[Ljava/lang/String;)Lorg/springframework/context/ConfigurableApplicationContext;+5
j  org.springframework.boot.SpringApplication.run(Ljava/lang/Class;[Ljava/lang/String;)Lorg/springframework/context/ConfigurableApplicationContext;+9
j  com.epam.esm.controller.EsmApplicationRunner.main([Ljava/lang/String;)V+3
v  ~StubRoutines::call_stub

siginfo: EXCEPTION_ACCESS_VIOLATION (0xc0000005), reading address 0x0000000000000000


Register to memory mapping:

RIP=0x00007ffe270b90e6 jvm.dll
RAX=0x0 is NULL
RBX=0x000000071020d5c0 is pointing into object: java.lang.reflect.Method 
{0x000000071020d590} - klass: 'java/lang/reflect/Method'
RCX=0x000002650083de10 points into unknown readable memory: 00 c6 61 27 fe 7f 00 00
RDX=0x000000000000711b is an unknown value
RSP=0x00000090849fdc80 points into unknown readable memory: 01 d5 20 10 07 00 00 00
RBP=0x0000026501bd1860 points into unknown readable memory: 48 4c 61 27 fe 7f 00 00
RSI=0x0000026501bd1860 points into unknown readable memory: 48 4c 61 27 fe 7f 00 00
RDI=0x0000000000000001 is an unknown value
R8 =0x0000000000000009 is an unknown value
R9 =0x0000000800008788 is a pointer to class: 
java.lang.reflect.Field {0x0000000800008790}
R10=0x000000071020d5f4 is pointing into object: java.lang.String 
{0x000000071020d5e8} - klass: 'java/lang/String'
R11=0x0000026501bd19d0 points into unknown readable memory: 00 4c 61 27 fe 7f 00 00
R12=0x0 is NULL
R13=0x0000000000000009 is an unknown value
R14=0x0000000711b022b0 is an oop: java.lang.reflect.Field 
{0x0000000711b022b0} - klass: 'java/lang/reflect/Field'
R15=0x0 is NULL


Registers:
RAX=0x0000000000000000, RBX=0x000000071020d5c0, RCX=0x000002650083de10, RDX=0x000000000000711b
RSP=0x00000090849fdc80, RBP=0x0000026501bd1860, RSI=0x0000026501bd1860, RDI=0x0000000000000001
R8 =0x0000000000000009, R9 =0x0000000800008788, R10=0x000000071020d5f4, R11=0x0000026501bd19d0
R12=0x0000000000000000, R13=0x0000000000000009, R14=0x0000000711b022b0, R15=0x0000000000000000
RIP=0x00007ffe270b90e6, EFLAGS=0x0000000000010246

Top of Stack: (sp=0x00000090849fdc80)
0x00000090849fdc80:   000000071020d501 000000071020d600
0x00000090849fdc90:   000000071020d5e8 0000000000000096
0x00000090849fdca0:   0000026500000096 0000000000000000
0x00000090849fdcb0:   00000000103a63b8 00007ffe27092c2e
0x00000090849fdcc0:   0000026501bd1860 0000000000000040
0x00000090849fdcd0:   000002655ce2d730 00000090849fdf28
0x00000090849fdce0:   0000000000000000 000002655ce2d6b0
0x00000090849fdcf0:   0000000000000008 00007ffe270b79e3
0x00000090849fdd00:   0000026501bd1860 000002655ce2d700
0x00000090849fdd10:   0000000000000009 000000071020d5c0
0x00000090849fdd20:   0000000000000000 000000071020d5c1
0x00000090849fdd30:   00000090849fddc0 00007ffe270b948f
0x00000090849fdd40:   0000000710384b80 00000265027c3b01
0x00000090849fdd50:   0000000000000008 0000000000000009
0x00000090849fdd60:   00000090849fdf08 000000000000004c
0x00000090849fdd70:   0000000000000000 0000000000014115 

Instructions: (pc=0x00007ffe270b90e6)
0x00007ffe270b90c6:   44 24 34 40 80 ff 01 75 2f 41 0f b6 c7 f6 d0 40
0x00007ffe270b90d6:   84 c7 75 05 4d 8b e7 eb 0a 49 8b c7 48 83 e0 fd
0x00007ffe270b90e6:   4c 8b 20 49 c1 ec 03 41 83 e4 0f 44 3b a5 6c 01
0x00007ffe270b90f6:   00 00 73 04 b3 01 eb 0c 48 0f be c7 0f b6 9c 28 


Stack slot to memory mapping:
stack at sp + 0 slots: 0x000000071020d501 is pointing into object: java.util.HashMap$Node 
{0x000000071020d4f0} - klass: 'java/util/HashMap$Node'
stack at sp + 1 slots: 0x000000071020d600 is an oop: [B 
{0x000000071020d600} - klass: {type array byte}
 - length: 30
stack at sp + 2 slots: 0x000000071020d5e8 is an oop: java.lang.String 
{0x000000071020d5e8} - klass: 'java/lang/String'
stack at sp + 3 slots: 0x0000000000000096 is an unknown value
stack at sp + 4 slots: 0x0000026500000096 is an unknown value
stack at sp + 5 slots: 0x0 is NULL
stack at sp + 6 slots: 0x00000000103a63b8 is an unknown value
stack at sp + 7 slots: 0x00007ffe27092c2e jvm.dll


---------------  P R O C E S S  ---------------

Threads class SMR info:
_java_thread_list=0x0000026501a4a280, length=11, elements={
0x000002655ce16800, 0x00000265011f8800, 0x00000265011f9800, 0x0000026501278800,
0x0000026501279800, 0x000002650127b800, 0x0000026501283800, 0x00000265011f0800,
0x0000026501a28000, 0x0000026501a29000, 0x0000026501ba1800
}

Java Threads: ( => current thread )
  0x000002655ce16800 JavaThread "main" [_thread_blocked, id=10024, stack(0x0000009083500000,0x0000009083600000)]
  0x00000265011f8800 JavaThread "Reference Handler" daemon [_thread_blocked, id=13060, stack(0x0000009083c00000,0x0000009083d00000)]
  0x00000265011f9800 JavaThread "Finalizer" daemon [_thread_blocked, id=16988, stack(0x0000009083d00000,0x0000009083e00000)]
  0x0000026501278800 JavaThread "Signal Dispatcher" daemon [_thread_blocked, id=3376, stack(0x0000009083e00000,0x0000009083f00000)]
  0x0000026501279800 JavaThread "Attach Listener" daemon [_thread_blocked, id=1700, stack(0x0000009083f00000,0x0000009084000000)]
  0x000002650127b800 JavaThread "C1 CompilerThread0" daemon [_thread_blocked, id=7972, stack(0x0000009084000000,0x0000009084100000)]
  0x0000026501283800 JavaThread "Sweeper thread" daemon [_thread_blocked, id=12652, stack(0x0000009084100000,0x0000009084200000)]
  0x00000265011f0800 JavaThread "Common-Cleaner" daemon [_thread_blocked, id=6052, stack(0x0000009084200000,0x0000009084300000)]
  0x0000026501a28000 JavaThread "Monitor Ctrl-Break" daemon [_thread_in_native, id=15908, stack(0x0000009084300000,0x0000009084400000)]
  0x0000026501a29000 JavaThread "Service Thread" daemon [_thread_blocked, id=256, stack(0x0000009084400000,0x0000009084500000)]
  0x0000026501ba1800 JavaThread "RMI TCP Accept-0" daemon [_thread_in_native, id=17944, stack(0x0000009084500000,0x0000009084600000)]

Other Threads:
  0x00000265011f5000 VMThread "VM Thread" [stack: 0x0000009083b00000,0x0000009083c00000] [id=11372]
  0x0000026501b7d800 WatcherThread [stack: 0x0000009084600000,0x0000009084700000] [id=18208]
  0x000002655ce2a800 GCTaskThread "GC Thread#0" [stack: 0x0000009083600000,0x0000009083700000] [id=13800]
  0x00000265027d3800 GCTaskThread "GC Thread#1" [stack: 0x0000009084700000,0x0000009084800000] [id=1224]
  0x000002650278a800 GCTaskThread "GC Thread#2" [stack: 0x0000009084800000,0x0000009084900000] [id=16896]
=>0x0000026501bd0800 GCTaskThread "GC Thread#3" [stack: 0x0000009084900000,0x0000009084a00000] [id=4832]
  0x0000026501bd1000 GCTaskThread "GC Thread#4" [stack: 0x0000009084a00000,0x0000009084b00000] [id=9432]
  0x00000265027c9800 GCTaskThread "GC Thread#5" [stack: 0x0000009084b00000,0x0000009084c00000] [id=14824]
  0x000002655ce8b800 ConcurrentGCThread "G1 Main Marker" [stack: 0x0000009083700000,0x0000009083800000] [id=11816]
  0x000002655ce8d000 ConcurrentGCThread "G1 Conc#0" [stack: 0x0000009083800000,0x0000009083900000] [id=5568]
  0x0000026500857800 ConcurrentGCThread "G1 Refine#0" [stack: 0x0000009083900000,0x0000009083a00000] [id=3400]
  0x0000026500859800 ConcurrentGCThread "G1 Young RemSet Sampling" [stack: 0x0000009083a00000,0x0000009083b00000] [id=15188]

Threads with active compile tasks:
C1 CompilerThread0    980 1178       1       java.lang.invoke.MethodHandles$Lookup::in (168 bytes)

VM state:at safepoint (normal execution)

VM Mutex/Monitor currently owned by a thread:  ([mutex/lock_event])
[0x000002655ce13320] Threads_lock - owner thread: 0x00000265011f5000
[0x000002655ce12ea0] Heap_lock - owner thread: 0x000002655ce16800

Heap address: 0x0000000701c00000, size: 4068 MB, Compressed Oops mode: Zero based, Oop shift amount: 3
Narrow klass base: 0x0000000800000000, Narrow klass shift: 0
Compressed class space size: 1073741824 Address: 0x0000000800000000

Heap:
 garbage-first heap   total 262144K, used 25600K [0x0000000701c00000, 0x0000000800000000)
  region size 1024K, 27 young (27648K), 3 survivors (3072K)
 Metaspace       used 13383K, capacity 13779K, committed 13824K, reserved 1060864K
  class space    used 1388K, capacity 1510K, committed 1536K, reserved 1048576K
Heap Regions: E=young(eden), S=young(survivor), O=old, HS=humongous(starts), HC=humongous(continues), CS=collection set, F=free, A=archive, TAMS=top-at-mark-start (previous, next)
|   0|0x0000000701c00000, 0x0000000701d00000, 0x0000000701d00000|100%|HS|  |TAMS 0x0000000701c00000, 0x0000000701c00000| Complete 
|   1|0x0000000701d00000, 0x0000000701e00000, 0x0000000701e00000|100%| O|  |TAMS 0x0000000701d00000, 0x0000000701d00000| Untracked 
|   2|0x0000000701e00000, 0x0000000701f00000, 0x0000000701f00000|100%| O|  |TAMS 0x0000000701e00000, 0x0000000701e00000| Untracked 
|   3|0x0000000701f00000, 0x0000000702000000, 0x0000000702000000|100%| O|  |TAMS 0x0000000701f00000, 0x0000000701f00000| Untracked 
|   4|0x0000000702000000, 0x0000000702100000, 0x0000000702100000|100%| O|  |TAMS 0x0000000702000000, 0x0000000702000000| Untracked 
|   5|0x0000000702100000, 0x00000007021ae818, 0x0000000702200000| 68%| O|  |TAMS 0x0000000702100000, 0x0000000702100000| Untracked 
|   6|0x0000000702200000, 0x0000000702200000, 0x0000000702300000|  0%| F|  |TAMS 0x0000000702200000, 0x0000000702200000| Untracked 
|   7|0x0000000702300000, 0x0000000702300000, 0x0000000702400000|  0%| F|  |TAMS 0x0000000702300000, 0x0000000702300000| Untracked 
|   8|0x0000000702400000, 0x0000000702400000, 0x0000000702500000|  0%| F|  |TAMS 0x0000000702400000, 0x0000000702400000| Untracked 
|   9|0x0000000702500000, 0x0000000702500000, 0x0000000702600000|  0%| F|  |TAMS 0x0000000702500000, 0x0000000702500000| Untracked 
|  10|0x0000000702600000, 0x0000000702600000, 0x0000000702700000|  0%| F|  |TAMS 0x0000000702600000, 0x0000000702600000| Untracked 
|  11|0x0000000702700000, 0x0000000702700000, 0x0000000702800000|  0%| F|  |TAMS 0x0000000702700000, 0x0000000702700000| Untracked 
|  12|0x0000000702800000, 0x0000000702800000, 0x0000000702900000|  0%| F|  |TAMS 0x0000000702800000, 0x0000000702800000| Untracked 
|  13|0x0000000702900000, 0x0000000702900000, 0x0000000702a00000|  0%| F|  |TAMS 0x0000000702900000, 0x0000000702900000| Untracked 
|  14|0x0000000702a00000, 0x0000000702a00000, 0x0000000702b00000|  0%| F|  |TAMS 0x0000000702a00000, 0x0000000702a00000| Untracked 
|  15|0x0000000702b00000, 0x0000000702b00000, 0x0000000702c00000|  0%| F|  |TAMS 0x0000000702b00000, 0x0000000702b00000| Untracked 
|  16|0x0000000702c00000, 0x0000000702c00000, 0x0000000702d00000|  0%| F|  |TAMS 0x0000000702c00000, 0x0000000702c00000| Untracked 
|  17|0x0000000702d00000, 0x0000000702d00000, 0x0000000702e00000|  0%| F|  |TAMS 0x0000000702d00000, 0x0000000702d00000| Untracked 
|  18|0x0000000702e00000, 0x0000000702e00000, 0x0000000702f00000|  0%| F|  |TAMS 0x0000000702e00000, 0x0000000702e00000| Untracked 
|  19|0x0000000702f00000, 0x0000000702f00000, 0x0000000703000000|  0%| F|  |TAMS 0x0000000702f00000, 0x0000000702f00000| Untracked 
|  20|0x0000000703000000, 0x0000000703000000, 0x0000000703100000|  0%| F|  |TAMS 0x0000000703000000, 0x0000000703000000| Untracked 
|  21|0x0000000703100000, 0x0000000703100000, 0x0000000703200000|  0%| F|  |TAMS 0x0000000703100000, 0x0000000703100000| Untracked 
|  22|0x0000000703200000, 0x0000000703200000, 0x0000000703300000|  0%| F|  |TAMS 0x0000000703200000, 0x0000000703200000| Untracked 
|  23|0x0000000703300000, 0x0000000703300000, 0x0000000703400000|  0%| F|  |TAMS 0x0000000703300000, 0x0000000703300000| Untracked 
|  24|0x0000000703400000, 0x0000000703400000, 0x0000000703500000|  0%| F|  |TAMS 0x0000000703400000, 0x0000000703400000| Untracked 
|  25|0x0000000703500000, 0x0000000703500000, 0x0000000703600000|  0%| F|  |TAMS 0x0000000703500000, 0x0000000703500000| Untracked 
|  26|0x0000000703600000, 0x0000000703600000, 0x0000000703700000|  0%| F|  |TAMS 0x0000000703600000, 0x0000000703600000| Untracked 
|  27|0x0000000703700000, 0x0000000703700000, 0x0000000703800000|  0%| F|  |TAMS 0x0000000703700000, 0x0000000703700000| Untracked 
|  28|0x0000000703800000, 0x0000000703800000, 0x0000000703900000|  0%| F|  |TAMS 0x0000000703800000, 0x0000000703800000| Untracked 
|  29|0x0000000703900000, 0x0000000703900000, 0x0000000703a00000|  0%| F|  |TAMS 0x0000000703900000, 0x0000000703900000| Untracked 
|  30|0x0000000703a00000, 0x0000000703a00000, 0x0000000703b00000|  0%| F|  |TAMS 0x0000000703a00000, 0x0000000703a00000| Untracked 
|  31|0x0000000703b00000, 0x0000000703b00000, 0x0000000703c00000|  0%| F|  |TAMS 0x0000000703b00000, 0x0000000703b00000| Untracked 
|  32|0x0000000703c00000, 0x0000000703c00000, 0x0000000703d00000|  0%| F|  |TAMS 0x0000000703c00000, 0x0000000703c00000| Untracked 
|  33|0x0000000703d00000, 0x0000000703d00000, 0x0000000703e00000|  0%| F|  |TAMS 0x0000000703d00000, 0x0000000703d00000| Untracked 
|  34|0x0000000703e00000, 0x0000000703e00000, 0x0000000703f00000|  0%| F|  |TAMS 0x0000000703e00000, 0x0000000703e00000| Untracked 
|  35|0x0000000703f00000, 0x0000000703f00000, 0x0000000704000000|  0%| F|  |TAMS 0x0000000703f00000, 0x0000000703f00000| Untracked 
|  36|0x0000000704000000, 0x0000000704000000, 0x0000000704100000|  0%| F|  |TAMS 0x0000000704000000, 0x0000000704000000| Untracked 
|  37|0x0000000704100000, 0x0000000704100000, 0x0000000704200000|  0%| F|  |TAMS 0x0000000704100000, 0x0000000704100000| Untracked 
|  38|0x0000000704200000, 0x0000000704200000, 0x0000000704300000|  0%| F|  |TAMS 0x0000000704200000, 0x0000000704200000| Untracked 
|  39|0x0000000704300000, 0x0000000704300000, 0x0000000704400000|  0%| F|  |TAMS 0x0000000704300000, 0x0000000704300000| Untracked 
|  40|0x0000000704400000, 0x0000000704400000, 0x0000000704500000|  0%| F|  |TAMS 0x0000000704400000, 0x0000000704400000| Untracked 
|  41|0x0000000704500000, 0x0000000704500000, 0x0000000704600000|  0%| F|  |TAMS 0x0000000704500000, 0x0000000704500000| Untracked 
|  42|0x0000000704600000, 0x0000000704600000, 0x0000000704700000|  0%| F|  |TAMS 0x0000000704600000, 0x0000000704600000| Untracked 
|  43|0x0000000704700000, 0x0000000704700000, 0x0000000704800000|  0%| F|  |TAMS 0x0000000704700000, 0x0000000704700000| Untracked 
|  44|0x0000000704800000, 0x0000000704800000, 0x0000000704900000|  0%| F|  |TAMS 0x0000000704800000, 0x0000000704800000| Untracked 
|  45|0x0000000704900000, 0x0000000704900000, 0x0000000704a00000|  0%| F|  |TAMS 0x0000000704900000, 0x0000000704900000| Untracked 
|  46|0x0000000704a00000, 0x0000000704a00000, 0x0000000704b00000|  0%| F|  |TAMS 0x0000000704a00000, 0x0000000704a00000| Untracked 
|  47|0x0000000704b00000, 0x0000000704b00000, 0x0000000704c00000|  0%| F|  |TAMS 0x0000000704b00000, 0x0000000704b00000| Untracked 
|  48|0x0000000704c00000, 0x0000000704c00000, 0x0000000704d00000|  0%| F|  |TAMS 0x0000000704c00000, 0x0000000704c00000| Untracked 
|  49|0x0000000704d00000, 0x0000000704d00000, 0x0000000704e00000|  0%| F|  |TAMS 0x0000000704d00000, 0x0000000704d00000| Untracked 
|  50|0x0000000704e00000, 0x0000000704e00000, 0x0000000704f00000|  0%| F|  |TAMS 0x0000000704e00000, 0x0000000704e00000| Untracked 
|  51|0x0000000704f00000, 0x0000000704f00000, 0x0000000705000000|  0%| F|  |TAMS 0x0000000704f00000, 0x0000000704f00000| Untracked 
|  52|0x0000000705000000, 0x0000000705000000, 0x0000000705100000|  0%| F|  |TAMS 0x0000000705000000, 0x0000000705000000| Untracked 
|  53|0x0000000705100000, 0x0000000705100000, 0x0000000705200000|  0%| F|  |TAMS 0x0000000705100000, 0x0000000705100000| Untracked 
|  54|0x0000000705200000, 0x0000000705200000, 0x0000000705300000|  0%| F|  |TAMS 0x0000000705200000, 0x0000000705200000| Untracked 
|  55|0x0000000705300000, 0x0000000705300000, 0x0000000705400000|  0%| F|  |TAMS 0x0000000705300000, 0x0000000705300000| Untracked 
|  56|0x0000000705400000, 0x0000000705400000, 0x0000000705500000|  0%| F|  |TAMS 0x0000000705400000, 0x0000000705400000| Untracked 
|  57|0x0000000705500000, 0x0000000705500000, 0x0000000705600000|  0%| F|  |TAMS 0x0000000705500000, 0x0000000705500000| Untracked 
|  58|0x0000000705600000, 0x0000000705600000, 0x0000000705700000|  0%| F|  |TAMS 0x0000000705600000, 0x0000000705600000| Untracked 
|  59|0x0000000705700000, 0x0000000705700000, 0x0000000705800000|  0%| F|  |TAMS 0x0000000705700000, 0x0000000705700000| Untracked 
|  60|0x0000000705800000, 0x0000000705800000, 0x0000000705900000|  0%| F|  |TAMS 0x0000000705800000, 0x0000000705800000| Untracked 
|  61|0x0000000705900000, 0x0000000705900000, 0x0000000705a00000|  0%| F|  |TAMS 0x0000000705900000, 0x0000000705900000| Untracked 
|  62|0x0000000705a00000, 0x0000000705a00000, 0x0000000705b00000|  0%| F|  |TAMS 0x0000000705a00000, 0x0000000705a00000| Untracked 
|  63|0x0000000705b00000, 0x0000000705b00000, 0x0000000705c00000|  0%| F|  |TAMS 0x0000000705b00000, 0x0000000705b00000| Untracked 
|  64|0x0000000705c00000, 0x0000000705c00000, 0x0000000705d00000|  0%| F|  |TAMS 0x0000000705c00000, 0x0000000705c00000| Untracked 
|  65|0x0000000705d00000, 0x0000000705d00000, 0x0000000705e00000|  0%| F|  |TAMS 0x0000000705d00000, 0x0000000705d00000| Untracked 
|  66|0x0000000705e00000, 0x0000000705e00000, 0x0000000705f00000|  0%| F|  |TAMS 0x0000000705e00000, 0x0000000705e00000| Untracked 
|  67|0x0000000705f00000, 0x0000000705f00000, 0x0000000706000000|  0%| F|  |TAMS 0x0000000705f00000, 0x0000000705f00000| Untracked 
|  68|0x0000000706000000, 0x0000000706000000, 0x0000000706100000|  0%| F|  |TAMS 0x0000000706000000, 0x0000000706000000| Untracked 
|  69|0x0000000706100000, 0x0000000706100000, 0x0000000706200000|  0%| F|  |TAMS 0x0000000706100000, 0x0000000706100000| Untracked 
|  70|0x0000000706200000, 0x0000000706200000, 0x0000000706300000|  0%| F|  |TAMS 0x0000000706200000, 0x0000000706200000| Untracked 
|  71|0x0000000706300000, 0x0000000706300000, 0x0000000706400000|  0%| F|  |TAMS 0x0000000706300000, 0x0000000706300000| Untracked 
|  72|0x0000000706400000, 0x0000000706400000, 0x0000000706500000|  0%| F|  |TAMS 0x0000000706400000, 0x0000000706400000| Untracked 
|  73|0x0000000706500000, 0x0000000706500000, 0x0000000706600000|  0%| F|  |TAMS 0x0000000706500000, 0x0000000706500000| Untracked 
|  74|0x0000000706600000, 0x0000000706600000, 0x0000000706700000|  0%| F|  |TAMS 0x0000000706600000, 0x0000000706600000| Untracked 
|  75|0x0000000706700000, 0x0000000706700000, 0x0000000706800000|  0%| F|  |TAMS 0x0000000706700000, 0x0000000706700000| Untracked 
|  76|0x0000000706800000, 0x0000000706800000, 0x0000000706900000|  0%| F|  |TAMS 0x0000000706800000, 0x0000000706800000| Untracked 
|  77|0x0000000706900000, 0x0000000706900000, 0x0000000706a00000|  0%| F|  |TAMS 0x0000000706900000, 0x0000000706900000| Untracked 
|  78|0x0000000706a00000, 0x0000000706a00000, 0x0000000706b00000|  0%| F|  |TAMS 0x0000000706a00000, 0x0000000706a00000| Untracked 
|  79|0x0000000706b00000, 0x0000000706b00000, 0x0000000706c00000|  0%| F|  |TAMS 0x0000000706b00000, 0x0000000706b00000| Untracked 
|  80|0x0000000706c00000, 0x0000000706c00000, 0x0000000706d00000|  0%| F|  |TAMS 0x0000000706c00000, 0x0000000706c00000| Untracked 
|  81|0x0000000706d00000, 0x0000000706d00000, 0x0000000706e00000|  0%| F|  |TAMS 0x0000000706d00000, 0x0000000706d00000| Untracked 
|  82|0x0000000706e00000, 0x0000000706e00000, 0x0000000706f00000|  0%| F|  |TAMS 0x0000000706e00000, 0x0000000706e00000| Untracked 
|  83|0x0000000706f00000, 0x0000000706f00000, 0x0000000707000000|  0%| F|  |TAMS 0x0000000706f00000, 0x0000000706f00000| Untracked 
|  84|0x0000000707000000, 0x0000000707000000, 0x0000000707100000|  0%| F|  |TAMS 0x0000000707000000, 0x0000000707000000| Untracked 
|  85|0x0000000707100000, 0x0000000707100000, 0x0000000707200000|  0%| F|  |TAMS 0x0000000707100000, 0x0000000707100000| Untracked 
|  86|0x0000000707200000, 0x0000000707200000, 0x0000000707300000|  0%| F|  |TAMS 0x0000000707200000, 0x0000000707200000| Untracked 
|  87|0x0000000707300000, 0x0000000707300000, 0x0000000707400000|  0%| F|  |TAMS 0x0000000707300000, 0x0000000707300000| Untracked 
|  88|0x0000000707400000, 0x0000000707400000, 0x0000000707500000|  0%| F|  |TAMS 0x0000000707400000, 0x0000000707400000| Untracked 
|  89|0x0000000707500000, 0x0000000707500000, 0x0000000707600000|  0%| F|  |TAMS 0x0000000707500000, 0x0000000707500000| Untracked 
|  90|0x0000000707600000, 0x0000000707600000, 0x0000000707700000|  0%| F|  |TAMS 0x0000000707600000, 0x0000000707600000| Untracked 
|  91|0x0000000707700000, 0x0000000707700000, 0x0000000707800000|  0%| F|  |TAMS 0x0000000707700000, 0x0000000707700000| Untracked 
|  92|0x0000000707800000, 0x0000000707800000, 0x0000000707900000|  0%| F|  |TAMS 0x0000000707800000, 0x0000000707800000| Untracked 
|  93|0x0000000707900000, 0x0000000707900000, 0x0000000707a00000|  0%| F|  |TAMS 0x0000000707900000, 0x0000000707900000| Untracked 
|  94|0x0000000707a00000, 0x0000000707a00000, 0x0000000707b00000|  0%| F|  |TAMS 0x0000000707a00000, 0x0000000707a00000| Untracked 
|  95|0x0000000707b00000, 0x0000000707b00000, 0x0000000707c00000|  0%| F|  |TAMS 0x0000000707b00000, 0x0000000707b00000| Untracked 
|  96|0x0000000707c00000, 0x0000000707c00000, 0x0000000707d00000|  0%| F|  |TAMS 0x0000000707c00000, 0x0000000707c00000| Untracked 
|  97|0x0000000707d00000, 0x0000000707d00000, 0x0000000707e00000|  0%| F|  |TAMS 0x0000000707d00000, 0x0000000707d00000| Untracked 
|  98|0x0000000707e00000, 0x0000000707e00000, 0x0000000707f00000|  0%| F|  |TAMS 0x0000000707e00000, 0x0000000707e00000| Untracked 
|  99|0x0000000707f00000, 0x0000000707f00000, 0x0000000708000000|  0%| F|  |TAMS 0x0000000707f00000, 0x0000000707f00000| Untracked 
| 100|0x0000000708000000, 0x0000000708000000, 0x0000000708100000|  0%| F|  |TAMS 0x0000000708000000, 0x0000000708000000| Untracked 
| 101|0x0000000708100000, 0x0000000708100000, 0x0000000708200000|  0%| F|  |TAMS 0x0000000708100000, 0x0000000708100000| Untracked 
| 102|0x0000000708200000, 0x0000000708200000, 0x0000000708300000|  0%| F|  |TAMS 0x0000000708200000, 0x0000000708200000| Untracked 
| 103|0x0000000708300000, 0x0000000708300000, 0x0000000708400000|  0%| F|  |TAMS 0x0000000708300000, 0x0000000708300000| Untracked 
| 104|0x0000000708400000, 0x0000000708400000, 0x0000000708500000|  0%| F|  |TAMS 0x0000000708400000, 0x0000000708400000| Untracked 
| 105|0x0000000708500000, 0x0000000708500000, 0x0000000708600000|  0%| F|  |TAMS 0x0000000708500000, 0x0000000708500000| Untracked 
| 106|0x0000000708600000, 0x0000000708600000, 0x0000000708700000|  0%| F|  |TAMS 0x0000000708600000, 0x0000000708600000| Untracked 
| 107|0x0000000708700000, 0x0000000708700000, 0x0000000708800000|  0%| F|  |TAMS 0x0000000708700000, 0x0000000708700000| Untracked 
| 108|0x0000000708800000, 0x0000000708800000, 0x0000000708900000|  0%| F|  |TAMS 0x0000000708800000, 0x0000000708800000| Untracked 
| 109|0x0000000708900000, 0x0000000708900000, 0x0000000708a00000|  0%| F|  |TAMS 0x0000000708900000, 0x0000000708900000| Untracked 
| 110|0x0000000708a00000, 0x0000000708a00000, 0x0000000708b00000|  0%| F|  |TAMS 0x0000000708a00000, 0x0000000708a00000| Untracked 
| 111|0x0000000708b00000, 0x0000000708b00000, 0x0000000708c00000|  0%| F|  |TAMS 0x0000000708b00000, 0x0000000708b00000| Untracked 
| 112|0x0000000708c00000, 0x0000000708c00000, 0x0000000708d00000|  0%| F|  |TAMS 0x0000000708c00000, 0x0000000708c00000| Untracked 
| 113|0x0000000708d00000, 0x0000000708d00000, 0x0000000708e00000|  0%| F|  |TAMS 0x0000000708d00000, 0x0000000708d00000| Untracked 
| 114|0x0000000708e00000, 0x0000000708e00000, 0x0000000708f00000|  0%| F|  |TAMS 0x0000000708e00000, 0x0000000708e00000| Untracked 
| 115|0x0000000708f00000, 0x0000000708f00000, 0x0000000709000000|  0%| F|  |TAMS 0x0000000708f00000, 0x0000000708f00000| Untracked 
| 116|0x0000000709000000, 0x0000000709000000, 0x0000000709100000|  0%| F|  |TAMS 0x0000000709000000, 0x0000000709000000| Untracked 
| 117|0x0000000709100000, 0x0000000709100000, 0x0000000709200000|  0%| F|  |TAMS 0x0000000709100000, 0x0000000709100000| Untracked 
| 118|0x0000000709200000, 0x0000000709200000, 0x0000000709300000|  0%| F|  |TAMS 0x0000000709200000, 0x0000000709200000| Untracked 
| 119|0x0000000709300000, 0x0000000709300000, 0x0000000709400000|  0%| F|  |TAMS 0x0000000709300000, 0x0000000709300000| Untracked 
| 120|0x0000000709400000, 0x0000000709400000, 0x0000000709500000|  0%| F|  |TAMS 0x0000000709400000, 0x0000000709400000| Untracked 
| 121|0x0000000709500000, 0x0000000709500000, 0x0000000709600000|  0%| F|  |TAMS 0x0000000709500000, 0x0000000709500000| Untracked 
| 122|0x0000000709600000, 0x0000000709600000, 0x0000000709700000|  0%| F|  |TAMS 0x0000000709600000, 0x0000000709600000| Untracked 
| 123|0x0000000709700000, 0x0000000709700000, 0x0000000709800000|  0%| F|  |TAMS 0x0000000709700000, 0x0000000709700000| Untracked 
| 124|0x0000000709800000, 0x0000000709800000, 0x0000000709900000|  0%| F|  |TAMS 0x0000000709800000, 0x0000000709800000| Untracked 
| 125|0x0000000709900000, 0x0000000709900000, 0x0000000709a00000|  0%| F|  |TAMS 0x0000000709900000, 0x0000000709900000| Untracked 
| 126|0x0000000709a00000, 0x0000000709a00000, 0x0000000709b00000|  0%| F|  |TAMS 0x0000000709a00000, 0x0000000709a00000| Untracked 
| 127|0x0000000709b00000, 0x0000000709b00000, 0x0000000709c00000|  0%| F|  |TAMS 0x0000000709b00000, 0x0000000709b00000| Untracked 
| 128|0x0000000709c00000, 0x0000000709c00000, 0x0000000709d00000|  0%| F|  |TAMS 0x0000000709c00000, 0x0000000709c00000| Untracked 
| 129|0x0000000709d00000, 0x0000000709d00000, 0x0000000709e00000|  0%| F|  |TAMS 0x0000000709d00000, 0x0000000709d00000| Untracked 
| 130|0x0000000709e00000, 0x0000000709e00000, 0x0000000709f00000|  0%| F|  |TAMS 0x0000000709e00000, 0x0000000709e00000| Untracked 
| 131|0x0000000709f00000, 0x0000000709f00000, 0x000000070a000000|  0%| F|  |TAMS 0x0000000709f00000, 0x0000000709f00000| Untracked 
| 132|0x000000070a000000, 0x000000070a000000, 0x000000070a100000|  0%| F|  |TAMS 0x000000070a000000, 0x000000070a000000| Untracked 
| 133|0x000000070a100000, 0x000000070a100000, 0x000000070a200000|  0%| F|  |TAMS 0x000000070a100000, 0x000000070a100000| Untracked 
| 134|0x000000070a200000, 0x000000070a200000, 0x000000070a300000|  0%| F|  |TAMS 0x000000070a200000, 0x000000070a200000| Untracked 
| 135|0x000000070a300000, 0x000000070a300000, 0x000000070a400000|  0%| F|  |TAMS 0x000000070a300000, 0x000000070a300000| Untracked 
| 136|0x000000070a400000, 0x000000070a400000, 0x000000070a500000|  0%| F|  |TAMS 0x000000070a400000, 0x000000070a400000| Untracked 
| 137|0x000000070a500000, 0x000000070a500000, 0x000000070a600000|  0%| F|  |TAMS 0x000000070a500000, 0x000000070a500000| Untracked 
| 138|0x000000070a600000, 0x000000070a600000, 0x000000070a700000|  0%| F|  |TAMS 0x000000070a600000, 0x000000070a600000| Untracked 
| 139|0x000000070a700000, 0x000000070a700000, 0x000000070a800000|  0%| F|  |TAMS 0x000000070a700000, 0x000000070a700000| Untracked 
| 140|0x000000070a800000, 0x000000070a800000, 0x000000070a900000|  0%| F|  |TAMS 0x000000070a800000, 0x000000070a800000| Untracked 
| 141|0x000000070a900000, 0x000000070a900000, 0x000000070aa00000|  0%| F|  |TAMS 0x000000070a900000, 0x000000070a900000| Untracked 
| 142|0x000000070aa00000, 0x000000070aa00000, 0x000000070ab00000|  0%| F|  |TAMS 0x000000070aa00000, 0x000000070aa00000| Untracked 
| 143|0x000000070ab00000, 0x000000070ab00000, 0x000000070ac00000|  0%| F|  |TAMS 0x000000070ab00000, 0x000000070ab00000| Untracked 
| 144|0x000000070ac00000, 0x000000070ac00000, 0x000000070ad00000|  0%| F|  |TAMS 0x000000070ac00000, 0x000000070ac00000| Untracked 
| 145|0x000000070ad00000, 0x000000070ad00000, 0x000000070ae00000|  0%| F|  |TAMS 0x000000070ad00000, 0x000000070ad00000| Untracked 
| 146|0x000000070ae00000, 0x000000070ae00000, 0x000000070af00000|  0%| F|  |TAMS 0x000000070ae00000, 0x000000070ae00000| Untracked 
| 147|0x000000070af00000, 0x000000070af00000, 0x000000070b000000|  0%| F|  |TAMS 0x000000070af00000, 0x000000070af00000| Untracked 
| 148|0x000000070b000000, 0x000000070b000000, 0x000000070b100000|  0%| F|  |TAMS 0x000000070b000000, 0x000000070b000000| Untracked 
| 149|0x000000070b100000, 0x000000070b100000, 0x000000070b200000|  0%| F|  |TAMS 0x000000070b100000, 0x000000070b100000| Untracked 
| 150|0x000000070b200000, 0x000000070b200000, 0x000000070b300000|  0%| F|  |TAMS 0x000000070b200000, 0x000000070b200000| Untracked 
| 151|0x000000070b300000, 0x000000070b300000, 0x000000070b400000|  0%| F|  |TAMS 0x000000070b300000, 0x000000070b300000| Untracked 
| 152|0x000000070b400000, 0x000000070b400000, 0x000000070b500000|  0%| F|  |TAMS 0x000000070b400000, 0x000000070b400000| Untracked 
| 153|0x000000070b500000, 0x000000070b500000, 0x000000070b600000|  0%| F|  |TAMS 0x000000070b500000, 0x000000070b500000| Untracked 
| 154|0x000000070b600000, 0x000000070b600000, 0x000000070b700000|  0%| F|  |TAMS 0x000000070b600000, 0x000000070b600000| Untracked 
| 155|0x000000070b700000, 0x000000070b700000, 0x000000070b800000|  0%| F|  |TAMS 0x000000070b700000, 0x000000070b700000| Untracked 
| 156|0x000000070b800000, 0x000000070b800000, 0x000000070b900000|  0%| F|  |TAMS 0x000000070b800000, 0x000000070b800000| Untracked 
| 157|0x000000070b900000, 0x000000070b900000, 0x000000070ba00000|  0%| F|  |TAMS 0x000000070b900000, 0x000000070b900000| Untracked 
| 158|0x000000070ba00000, 0x000000070ba00000, 0x000000070bb00000|  0%| F|  |TAMS 0x000000070ba00000, 0x000000070ba00000| Untracked 
| 159|0x000000070bb00000, 0x000000070bb00000, 0x000000070bc00000|  0%| F|  |TAMS 0x000000070bb00000, 0x000000070bb00000| Untracked 
| 160|0x000000070bc00000, 0x000000070bc00000, 0x000000070bd00000|  0%| F|  |TAMS 0x000000070bc00000, 0x000000070bc00000| Untracked 
| 161|0x000000070bd00000, 0x000000070bd00000, 0x000000070be00000|  0%| F|  |TAMS 0x000000070bd00000, 0x000000070bd00000| Untracked 
| 162|0x000000070be00000, 0x000000070be00000, 0x000000070bf00000|  0%| F|  |TAMS 0x000000070be00000, 0x000000070be00000| Untracked 
| 163|0x000000070bf00000, 0x000000070bf00000, 0x000000070c000000|  0%| F|  |TAMS 0x000000070bf00000, 0x000000070bf00000| Untracked 
| 164|0x000000070c000000, 0x000000070c000000, 0x000000070c100000|  0%| F|  |TAMS 0x000000070c000000, 0x000000070c000000| Untracked 
| 165|0x000000070c100000, 0x000000070c100000, 0x000000070c200000|  0%| F|  |TAMS 0x000000070c100000, 0x000000070c100000| Untracked 
| 166|0x000000070c200000, 0x000000070c200000, 0x000000070c300000|  0%| F|  |TAMS 0x000000070c200000, 0x000000070c200000| Untracked 
| 167|0x000000070c300000, 0x000000070c300000, 0x000000070c400000|  0%| F|  |TAMS 0x000000070c300000, 0x000000070c300000| Untracked 
| 168|0x000000070c400000, 0x000000070c400000, 0x000000070c500000|  0%| F|  |TAMS 0x000000070c400000, 0x000000070c400000| Untracked 
| 169|0x000000070c500000, 0x000000070c500000, 0x000000070c600000|  0%| F|  |TAMS 0x000000070c500000, 0x000000070c500000| Untracked 
| 170|0x000000070c600000, 0x000000070c600000, 0x000000070c700000|  0%| F|  |TAMS 0x000000070c600000, 0x000000070c600000| Untracked 
| 171|0x000000070c700000, 0x000000070c700000, 0x000000070c800000|  0%| F|  |TAMS 0x000000070c700000, 0x000000070c700000| Untracked 
| 172|0x000000070c800000, 0x000000070c800000, 0x000000070c900000|  0%| F|  |TAMS 0x000000070c800000, 0x000000070c800000| Untracked 
| 173|0x000000070c900000, 0x000000070c900000, 0x000000070ca00000|  0%| F|  |TAMS 0x000000070c900000, 0x000000070c900000| Untracked 
| 174|0x000000070ca00000, 0x000000070ca00000, 0x000000070cb00000|  0%| F|  |TAMS 0x000000070ca00000, 0x000000070ca00000| Untracked 
| 175|0x000000070cb00000, 0x000000070cb00000, 0x000000070cc00000|  0%| F|  |TAMS 0x000000070cb00000, 0x000000070cb00000| Untracked 
| 176|0x000000070cc00000, 0x000000070cc00000, 0x000000070cd00000|  0%| F|  |TAMS 0x000000070cc00000, 0x000000070cc00000| Untracked 
| 177|0x000000070cd00000, 0x000000070cd00000, 0x000000070ce00000|  0%| F|  |TAMS 0x000000070cd00000, 0x000000070cd00000| Untracked 
| 178|0x000000070ce00000, 0x000000070ce00000, 0x000000070cf00000|  0%| F|  |TAMS 0x000000070ce00000, 0x000000070ce00000| Untracked 
| 179|0x000000070cf00000, 0x000000070cf00000, 0x000000070d000000|  0%| F|  |TAMS 0x000000070cf00000, 0x000000070cf00000| Untracked 
| 180|0x000000070d000000, 0x000000070d000000, 0x000000070d100000|  0%| F|  |TAMS 0x000000070d000000, 0x000000070d000000| Untracked 
| 181|0x000000070d100000, 0x000000070d100000, 0x000000070d200000|  0%| F|  |TAMS 0x000000070d100000, 0x000000070d100000| Untracked 
| 182|0x000000070d200000, 0x000000070d200000, 0x000000070d300000|  0%| F|  |TAMS 0x000000070d200000, 0x000000070d200000| Untracked 
| 183|0x000000070d300000, 0x000000070d300000, 0x000000070d400000|  0%| F|  |TAMS 0x000000070d300000, 0x000000070d300000| Untracked 
| 184|0x000000070d400000, 0x000000070d400000, 0x000000070d500000|  0%| F|  |TAMS 0x000000070d400000, 0x000000070d400000| Untracked 
| 185|0x000000070d500000, 0x000000070d500000, 0x000000070d600000|  0%| F|  |TAMS 0x000000070d500000, 0x000000070d500000| Untracked 
| 186|0x000000070d600000, 0x000000070d600000, 0x000000070d700000|  0%| F|  |TAMS 0x000000070d600000, 0x000000070d600000| Untracked 
| 187|0x000000070d700000, 0x000000070d700000, 0x000000070d800000|  0%| F|  |TAMS 0x000000070d700000, 0x000000070d700000| Untracked 
| 188|0x000000070d800000, 0x000000070d800000, 0x000000070d900000|  0%| F|  |TAMS 0x000000070d800000, 0x000000070d800000| Untracked 
| 189|0x000000070d900000, 0x000000070d900000, 0x000000070da00000|  0%| F|  |TAMS 0x000000070d900000, 0x000000070d900000| Untracked 
| 190|0x000000070da00000, 0x000000070da00000, 0x000000070db00000|  0%| F|  |TAMS 0x000000070da00000, 0x000000070da00000| Untracked 
| 191|0x000000070db00000, 0x000000070db00000, 0x000000070dc00000|  0%| F|  |TAMS 0x000000070db00000, 0x000000070db00000| Untracked 
| 192|0x000000070dc00000, 0x000000070dc00000, 0x000000070dd00000|  0%| F|  |TAMS 0x000000070dc00000, 0x000000070dc00000| Untracked 
| 193|0x000000070dd00000, 0x000000070dd00000, 0x000000070de00000|  0%| F|  |TAMS 0x000000070dd00000, 0x000000070dd00000| Untracked 
| 194|0x000000070de00000, 0x000000070de00000, 0x000000070df00000|  0%| F|  |TAMS 0x000000070de00000, 0x000000070de00000| Untracked 
| 195|0x000000070df00000, 0x000000070df00000, 0x000000070e000000|  0%| F|  |TAMS 0x000000070df00000, 0x000000070df00000| Untracked 
| 196|0x000000070e000000, 0x000000070e000000, 0x000000070e100000|  0%| F|  |TAMS 0x000000070e000000, 0x000000070e000000| Untracked 
| 197|0x000000070e100000, 0x000000070e100000, 0x000000070e200000|  0%| F|  |TAMS 0x000000070e100000, 0x000000070e100000| Untracked 
| 198|0x000000070e200000, 0x000000070e200000, 0x000000070e300000|  0%| F|  |TAMS 0x000000070e200000, 0x000000070e200000| Untracked 
| 199|0x000000070e300000, 0x000000070e300000, 0x000000070e400000|  0%| F|  |TAMS 0x000000070e300000, 0x000000070e300000| Untracked 
| 200|0x000000070e400000, 0x000000070e400000, 0x000000070e500000|  0%| F|  |TAMS 0x000000070e400000, 0x000000070e400000| Untracked 
| 201|0x000000070e500000, 0x000000070e500000, 0x000000070e600000|  0%| F|  |TAMS 0x000000070e500000, 0x000000070e500000| Untracked 
| 202|0x000000070e600000, 0x000000070e600000, 0x000000070e700000|  0%| F|  |TAMS 0x000000070e600000, 0x000000070e600000| Untracked 
| 203|0x000000070e700000, 0x000000070e700000, 0x000000070e800000|  0%| F|  |TAMS 0x000000070e700000, 0x000000070e700000| Untracked 
| 204|0x000000070e800000, 0x000000070e800000, 0x000000070e900000|  0%| F|  |TAMS 0x000000070e800000, 0x000000070e800000| Untracked 
| 205|0x000000070e900000, 0x000000070e900000, 0x000000070ea00000|  0%| F|  |TAMS 0x000000070e900000, 0x000000070e900000| Untracked 
| 206|0x000000070ea00000, 0x000000070ea00000, 0x000000070eb00000|  0%| F|  |TAMS 0x000000070ea00000, 0x000000070ea00000| Untracked 
| 207|0x000000070eb00000, 0x000000070eb00000, 0x000000070ec00000|  0%| F|  |TAMS 0x000000070eb00000, 0x000000070eb00000| Untracked 
| 208|0x000000070ec00000, 0x000000070ec00000, 0x000000070ed00000|  0%| F|  |TAMS 0x000000070ec00000, 0x000000070ec00000| Untracked 
| 209|0x000000070ed00000, 0x000000070ed00000, 0x000000070ee00000|  0%| F|  |TAMS 0x000000070ed00000, 0x000000070ed00000| Untracked 
| 210|0x000000070ee00000, 0x000000070ee00000, 0x000000070ef00000|  0%| F|  |TAMS 0x000000070ee00000, 0x000000070ee00000| Untracked 
| 211|0x000000070ef00000, 0x000000070ef00000, 0x000000070f000000|  0%| F|  |TAMS 0x000000070ef00000, 0x000000070ef00000| Untracked 
| 212|0x000000070f000000, 0x000000070f000000, 0x000000070f100000|  0%| F|  |TAMS 0x000000070f000000, 0x000000070f000000| Untracked 
| 213|0x000000070f100000, 0x000000070f100000, 0x000000070f200000|  0%| F|  |TAMS 0x000000070f100000, 0x000000070f100000| Untracked 
| 214|0x000000070f200000, 0x000000070f200000, 0x000000070f300000|  0%| F|  |TAMS 0x000000070f200000, 0x000000070f200000| Untracked 
| 215|0x000000070f300000, 0x000000070f300000, 0x000000070f400000|  0%| F|  |TAMS 0x000000070f300000, 0x000000070f300000| Untracked 
| 216|0x000000070f400000, 0x000000070f400000, 0x000000070f500000|  0%| F|  |TAMS 0x000000070f400000, 0x000000070f400000| Untracked 
| 217|0x000000070f500000, 0x000000070f500000, 0x000000070f600000|  0%| F|  |TAMS 0x000000070f500000, 0x000000070f500000| Untracked 
| 218|0x000000070f600000, 0x000000070f600000, 0x000000070f700000|  0%| F|  |TAMS 0x000000070f600000, 0x000000070f600000| Untracked 
| 219|0x000000070f700000, 0x000000070f700000, 0x000000070f800000|  0%| F|  |TAMS 0x000000070f700000, 0x000000070f700000| Untracked 
| 220|0x000000070f800000, 0x000000070f800000, 0x000000070f900000|  0%| F|  |TAMS 0x000000070f800000, 0x000000070f800000| Untracked 
| 221|0x000000070f900000, 0x000000070f900000, 0x000000070fa00000|  0%| F|  |TAMS 0x000000070f900000, 0x000000070f900000| Untracked 
| 222|0x000000070fa00000, 0x000000070fa00000, 0x000000070fb00000|  0%| F|  |TAMS 0x000000070fa00000, 0x000000070fa00000| Untracked 
| 223|0x000000070fb00000, 0x000000070fb00000, 0x000000070fc00000|  0%| F|  |TAMS 0x000000070fb00000, 0x000000070fb00000| Untracked 
| 224|0x000000070fc00000, 0x000000070fc00000, 0x000000070fd00000|  0%| F|  |TAMS 0x000000070fc00000, 0x000000070fc00000| Untracked 
| 225|0x000000070fd00000, 0x000000070fd00000, 0x000000070fe00000|  0%| F|  |TAMS 0x000000070fd00000, 0x000000070fd00000| Untracked 
| 226|0x000000070fe00000, 0x000000070fe00000, 0x000000070ff00000|  0%| F|  |TAMS 0x000000070fe00000, 0x000000070fe00000| Untracked 
| 227|0x000000070ff00000, 0x000000070ff00000, 0x0000000710000000|  0%| F|  |TAMS 0x000000070ff00000, 0x000000070ff00000| Untracked 
| 228|0x0000000710000000, 0x0000000710000000, 0x0000000710100000|  0%| F|  |TAMS 0x0000000710000000, 0x0000000710000000| Untracked 
| 229|0x0000000710100000, 0x0000000710200000, 0x0000000710200000|100%| S|  |TAMS 0x0000000710100000, 0x0000000710100000| Complete 
| 230|0x0000000710200000, 0x0000000710300000, 0x0000000710300000|100%| S|  |TAMS 0x0000000710200000, 0x0000000710200000| Complete 
| 231|0x0000000710300000, 0x0000000710400000, 0x0000000710400000|100%| S|  |TAMS 0x0000000710300000, 0x0000000710300000| Complete 
| 232|0x0000000710400000, 0x0000000710500000, 0x0000000710500000|100%| E|CS|TAMS 0x0000000710400000, 0x0000000710400000| Complete 
| 233|0x0000000710500000, 0x0000000710600000, 0x0000000710600000|100%| E|CS|TAMS 0x0000000710500000, 0x0000000710500000| Complete 
| 234|0x0000000710600000, 0x0000000710700000, 0x0000000710700000|100%| E|CS|TAMS 0x0000000710600000, 0x0000000710600000| Complete 
| 235|0x0000000710700000, 0x0000000710800000, 0x0000000710800000|100%| E|CS|TAMS 0x0000000710700000, 0x0000000710700000| Complete 
| 236|0x0000000710800000, 0x0000000710900000, 0x0000000710900000|100%| E|CS|TAMS 0x0000000710800000, 0x0000000710800000| Complete 
| 237|0x0000000710900000, 0x0000000710a00000, 0x0000000710a00000|100%| E|CS|TAMS 0x0000000710900000, 0x0000000710900000| Complete 
| 238|0x0000000710a00000, 0x0000000710b00000, 0x0000000710b00000|100%| E|CS|TAMS 0x0000000710a00000, 0x0000000710a00000| Complete 
| 239|0x0000000710b00000, 0x0000000710c00000, 0x0000000710c00000|100%| E|CS|TAMS 0x0000000710b00000, 0x0000000710b00000| Complete 
| 240|0x0000000710c00000, 0x0000000710d00000, 0x0000000710d00000|100%| E|CS|TAMS 0x0000000710c00000, 0x0000000710c00000| Complete 
| 241|0x0000000710d00000, 0x0000000710e00000, 0x0000000710e00000|100%| E|CS|TAMS 0x0000000710d00000, 0x0000000710d00000| Complete 
| 242|0x0000000710e00000, 0x0000000710f00000, 0x0000000710f00000|100%| E|CS|TAMS 0x0000000710e00000, 0x0000000710e00000| Complete 
| 243|0x0000000710f00000, 0x0000000711000000, 0x0000000711000000|100%| E|CS|TAMS 0x0000000710f00000, 0x0000000710f00000| Complete 
| 244|0x0000000711000000, 0x0000000711100000, 0x0000000711100000|100%| E|CS|TAMS 0x0000000711000000, 0x0000000711000000| Complete 
| 245|0x0000000711100000, 0x0000000711200000, 0x0000000711200000|100%| E|CS|TAMS 0x0000000711100000, 0x0000000711100000| Complete 
| 246|0x0000000711200000, 0x0000000711300000, 0x0000000711300000|100%| E|CS|TAMS 0x0000000711200000, 0x0000000711200000| Complete 
| 247|0x0000000711300000, 0x0000000711400000, 0x0000000711400000|100%| E|CS|TAMS 0x0000000711300000, 0x0000000711300000| Complete 
| 248|0x0000000711400000, 0x0000000711500000, 0x0000000711500000|100%| E|CS|TAMS 0x0000000711400000, 0x0000000711400000| Complete 
| 249|0x0000000711500000, 0x0000000711600000, 0x0000000711600000|100%| E|CS|TAMS 0x0000000711500000, 0x0000000711500000| Complete 
| 250|0x0000000711600000, 0x0000000711700000, 0x0000000711700000|100%| E|CS|TAMS 0x0000000711600000, 0x0000000711600000| Complete 
| 251|0x0000000711700000, 0x0000000711800000, 0x0000000711800000|100%| E|CS|TAMS 0x0000000711700000, 0x0000000711700000| Complete 
| 252|0x0000000711800000, 0x0000000711900000, 0x0000000711900000|100%| E|CS|TAMS 0x0000000711800000, 0x0000000711800000| Complete 
| 253|0x0000000711900000, 0x0000000711a00000, 0x0000000711a00000|100%| E|CS|TAMS 0x0000000711900000, 0x0000000711900000| Complete 
| 254|0x0000000711a00000, 0x0000000711b00000, 0x0000000711b00000|100%| E|CS|TAMS 0x0000000711a00000, 0x0000000711a00000| Complete 
| 255|0x0000000711b00000, 0x0000000711c00000, 0x0000000711c00000|100%| E|CS|TAMS 0x0000000711b00000, 0x0000000711b00000| Complete 

Card table byte_map: [0x0000026574dd0000,0x00000265755d0000] _byte_map_base: 0x00000265715c2000

Marking Bits (Prev, Next): (CMBitMap*) 0x000002655ce7ad58, (CMBitMap*) 0x000002655ce7ad90
 Prev Bits: [0x0000026575dd0000, 0x0000026579d60000)
 Next Bits: [0x0000026579d60000, 0x000002657dcf0000)

Polling page: 0x000002655ad20000

Metaspace:

Usage:
  Non-class:     11.98 MB capacity,    11.71 MB ( 98%) used,   244.96 KB (  2%) free+waste,    28.25 KB ( <1%) overhead. 
      Class:      1.47 MB capacity,     1.36 MB ( 92%) used,   108.20 KB (  7%) free+waste,    13.69 KB ( <1%) overhead. 
       Both:     13.46 MB capacity,    13.07 MB ( 97%) used,   353.16 KB (  3%) free+waste,    41.94 KB ( <1%) overhead. 

Virtual space:
  Non-class space:       12.00 MB reserved,      12.00 MB (100%) committed 
      Class space:        1.00 GB reserved,       1.50 MB ( <1%) committed 
             Both:        1.01 GB reserved,      13.50 MB (  1%) committed 

Chunk freelists:
   Non-Class:  2.38 KB
       Class:  0 bytes
        Both:  2.38 KB

CodeHeap 'non-profiled nmethods': size=238336Kb used=1639Kb max_used=1639Kb free=236696Kb
 bounds [0x00000265659e0000, 0x0000026565c50000, 0x00000265742a0000]
CodeHeap 'non-nmethods': size=7424Kb used=1103Kb max_used=1103Kb free=6320Kb
 bounds [0x00000265652a0000, 0x0000026565510000, 0x00000265659e0000]
 total_blobs=1583 nmethods=1177 adapters=333
 compilation: enabled
              stopped_count=0, restarted_count=0
 full_count=0

Compilation events (10 events):
Event: 0.902 Thread 0x000002650127b800 nmethod 1173 0x0000026565b78990 code [0x0000026565b78b40, 0x0000026565b78d18]
Event: 0.902 Thread 0x000002650127b800 1174       1       java.util.ArrayList::toArray (57 bytes)
Event: 0.902 Thread 0x000002650127b800 nmethod 1174 0x0000026565b78d90 code [0x0000026565b78f40, 0x0000026565b79278]
Event: 0.902 Thread 0x000002650127b800 1175       1       jdk.internal.reflect.ReflectionFactory::getExecutableSharedParameterTypes (10 bytes)
Event: 0.902 Thread 0x000002650127b800 nmethod 1175 0x0000026565b79390 code [0x0000026565b79540, 0x0000026565b79688]
Event: 0.902 Thread 0x000002650127b800 1176       1       java.lang.reflect.ReflectAccess::getExecutableSharedParameterTypes (5 bytes)
Event: 0.903 Thread 0x000002650127b800 nmethod 1176 0x0000026565b79790 code [0x0000026565b79940, 0x0000026565b79a28]
Event: 0.903 Thread 0x000002650127b800 1177       1       java.lang.invoke.MethodHandleNatives::refKindIsMethod (19 bytes)
Event: 0.903 Thread 0x000002650127b800 nmethod 1177 0x0000026565b79a90 code [0x0000026565b79c20, 0x0000026565b79cf8]
Event: 0.903 Thread 0x000002650127b800 1178       1       java.lang.invoke.MethodHandles$Lookup::in (168 bytes)

GC Heap History (1 events):
Event: 0.904 GC heap before
{Heap before GC invocations=0 (full 0):
 garbage-first heap   total 262144K, used 24576K [0x0000000701c00000, 0x0000000800000000)
  region size 1024K, 24 young (24576K), 0 survivors (0K)
 Metaspace       used 13383K, capacity 13779K, committed 13824K, reserved 1060864K
  class space    used 1388K, capacity 1510K, committed 1536K, reserved 1048576K
}

Deoptimization events (0 events):
No events

Classes redefined (0 events):
No events

Internal exceptions (10 events):
Event: 0.467 Thread 0x000002655ce16800 Exception <a 'java/lang/NoSuchMethodError'{0x0000000710f47c20}: java.lang.invoke.DirectMethodHandle$Holder.invokeStatic(Ljava/lang/Object;Ljava/lang/Object;Ljava/lang/Object;Ljava/lang/Object;Ljava/lang/Object;Ljava/lang/Object;Ljava/lang/Object;Ljava/lan
Event: 0.587 Thread 0x000002655ce16800 Exception <a 'java/lang/NoSuchMethodError'{0x0000000710eef368}: java.lang.invoke.DirectMethodHandle$Holder.invokeSpecialIFC(Ljava/lang/Object;Ljava/lang/Object;Ljava/lang/Object;)I> (0x0000000710eef368) thrown at [./open/src/hotspot/share/interpreter/link
Event: 0.606 Thread 0x000002655ce16800 Exception <a 'java/lang/NoSuchMethodError'{0x0000000710d4b850}: java.lang.invoke.DirectMethodHandle$Holder.invokeStatic(Ljava/lang/Object;IIII)Ljava/lang/Object;> (0x0000000710d4b850) thrown at [./open/src/hotspot/share/interpreter/linkResolver.cpp, line 
Event: 0.606 Thread 0x000002655ce16800 Exception <a 'java/lang/NoSuchMethodError'{0x0000000710d4e968}: java.lang.invoke.DirectMethodHandle$Holder.invokeStaticInit(Ljava/lang/Object;IIII)Ljava/lang/Object;> (0x0000000710d4e968) thrown at [./open/src/hotspot/share/interpreter/linkResolver.cpp, l
Event: 0.756 Thread 0x000002655ce16800 Exception <a 'java/lang/NoSuchMethodError'{0x0000000710d7a148}: java.lang.invoke.DirectMethodHandle$Holder.invokeStatic(Ljava/lang/Object;Ljava/lang/Object;IIII)Ljava/lang/Object;> (0x0000000710d7a148) thrown at [./open/src/hotspot/share/interpreter/linkR
Event: 0.756 Thread 0x000002655ce16800 Exception <a 'java/lang/NoSuchMethodError'{0x0000000710d7d6e0}: java.lang.invoke.DirectMethodHandle$Holder.invokeStaticInit(Ljava/lang/Object;Ljava/lang/Object;IIII)Ljava/lang/Object;> (0x0000000710d7d6e0) thrown at [./open/src/hotspot/share/interpreter/l
Event: 0.766 Thread 0x000002655ce16800 Exception <a 'java/lang/ClassNotFoundException'{0x0000000710d9d610}: javax/management/remote/rmi/RMIServerImpl_Skel> (0x0000000710d9d610) thrown at [./open/src/hotspot/share/classfile/systemDictionary.cpp, line 228]
Event: 0.805 Thread 0x000002655ce16800 Exception <a 'java/lang/ClassNotFoundException'{0x0000000710a3f2d8}: javax/smartcardio/CardPermission> (0x0000000710a3f2d8) thrown at [./open/src/hotspot/share/classfile/systemDictionary.cpp, line 228]
Event: 0.807 Thread 0x000002655ce16800 Exception <a 'java/io/FileNotFoundException'{0x0000000710a4d710}> (0x0000000710a4d710) thrown at [./open/src/hotspot/share/prims/jni.cpp, line 611]
Event: 0.904 Thread 0x000002655ce16800 Exception <a 'java/lang/NoSuchMethodError'{0x00000007104fd4c8}: java.lang.invoke.DirectMethodHandle$Holder.invokeSpecialIFC(Ljava/lang/Object;Ljava/lang/Object;Ljava/lang/Object;Ljava/lang/Object;)Ljava/lang/Object;> (0x00000007104fd4c8) thrown at [./open

Events (10 events):
Event: 0.894 loading class org/springframework/util/CollectionUtils done
Event: 0.897 loading class jdk/internal/util/ArraysSupport
Event: 0.897 loading class jdk/internal/util/ArraysSupport done
Event: 0.902 loading class java/util/stream/DistinctOps
Event: 0.902 loading class java/util/stream/DistinctOps done
Event: 0.902 loading class java/util/stream/DistinctOps$1
Event: 0.902 loading class java/util/stream/ReferencePipeline$StatefulOp
Event: 0.902 loading class java/util/stream/ReferencePipeline$StatefulOp done
Event: 0.902 loading class java/util/stream/DistinctOps$1 done
Event: 0.904 Executing VM operation: G1CollectForAllocation


Dynamic libraries:
0x00007ff7985d0000 - 0x00007ff7985df000 	C:\Program Files\Java\jdk-11.0.11\bin\java.exe
0x00007ffe75ae0000 - 0x00007ffe75ccd000 	C:\Windows\SYSTEM32\ntdll.dll
0x00007ffe75360000 - 0x00007ffe75413000 	C:\Windows\System32\KERNEL32.DLL
0x00007ffe72a70000 - 0x00007ffe72d03000 	C:\Windows\System32\KERNELBASE.dll
0x00007ffe6f130000 - 0x00007ffe6f1bc000 	C:\Windows\SYSTEM32\apphelp.dll
0x00007ffe726a0000 - 0x00007ffe7279c000 	C:\Windows\System32\ucrtbase.dll
0x00007ffe6ce10000 - 0x00007ffe6ce28000 	C:\Program Files\Java\jdk-11.0.11\bin\jli.dll
0x00007ffe6cc20000 - 0x00007ffe6cc35000 	C:\Program Files\Java\jdk-11.0.11\bin\VCRUNTIME140.dll
0x00007ffe734b0000 - 0x00007ffe73553000 	C:\Windows\System32\ADVAPI32.dll
0x00007ffe73960000 - 0x00007ffe739fe000 	C:\Windows\System32\msvcrt.dll
0x00007ffe75110000 - 0x00007ffe751ae000 	C:\Windows\System32\sechost.dll
0x00007ffe751b0000 - 0x00007ffe752d3000 	C:\Windows\System32\RPCRT4.dll
0x00007ffe72e90000 - 0x00007ffe73027000 	C:\Windows\System32\USER32.dll
0x00007ffe727a0000 - 0x00007ffe727c0000 	C:\Windows\System32\win32u.dll
0x00007ffe73a00000 - 0x00007ffe73a29000 	C:\Windows\System32\GDI32.dll
0x00007ffe5c8a0000 - 0x00007ffe5cb19000 	C:\Windows\WinSxS\amd64_microsoft.windows.common-controls_6595b64144ccf1df_6.0.17763.107_none_05b63884071e656e\COMCTL32.dll
0x00007ffe71c00000 - 0x00007ffe71d9a000 	C:\Windows\System32\gdi32full.dll
0x00007ffe756b0000 - 0x00007ffe759de000 	C:\Windows\System32\combase.dll
0x00007ffe71e50000 - 0x00007ffe71ef0000 	C:\Windows\System32\msvcp_win.dll
0x00007ffe729f0000 - 0x00007ffe72a6e000 	C:\Windows\System32\bcryptPrimitives.dll
0x00007ffe69550000 - 0x00007ffe6955a000 	C:\Windows\SYSTEM32\VERSION.dll
0x00007ffe73aa0000 - 0x00007ffe73ace000 	C:\Windows\System32\IMM32.DLL
0x00007ffe3d410000 - 0x00007ffe3d4ab000 	C:\Program Files\Java\jdk-11.0.11\bin\msvcp140.dll
0x00007ffe26dc0000 - 0x00007ffe278be000 	C:\Program Files\Java\jdk-11.0.11\bin\server\jvm.dll
0x00007ffe72d10000 - 0x00007ffe72d18000 	C:\Windows\System32\PSAPI.DLL
0x00007ffe5e850000 - 0x00007ffe5e859000 	C:\Windows\SYSTEM32\WSOCK32.dll
0x00007ffe6ef10000 - 0x00007ffe6ef34000 	C:\Windows\SYSTEM32\WINMM.dll
0x00007ffe73a30000 - 0x00007ffe73a9d000 	C:\Windows\System32\WS2_32.dll
0x00007ffe6edf0000 - 0x00007ffe6ee1d000 	C:\Windows\SYSTEM32\winmmbase.dll
0x00007ffe729a0000 - 0x00007ffe729ea000 	C:\Windows\System32\cfgmgr32.dll
0x00007ffe71b40000 - 0x00007ffe71b51000 	C:\Windows\System32\kernel.appcore.dll
0x00007ffe6cdf0000 - 0x00007ffe6ce00000 	C:\Program Files\Java\jdk-11.0.11\bin\verify.dll
0x00007ffe71620000 - 0x00007ffe7180d000 	C:\Windows\SYSTEM32\DBGHELP.DLL
0x00007ffe71530000 - 0x00007ffe7155a000 	C:\Windows\SYSTEM32\dbgcore.DLL
0x00007ffe6baf0000 - 0x00007ffe6bb18000 	C:\Program Files\Java\jdk-11.0.11\bin\java.dll
0x00007ffe6ccd0000 - 0x00007ffe6ccda000 	C:\Program Files\Java\jdk-11.0.11\bin\jimage.dll
0x00007ffe6bae0000 - 0x00007ffe6baee000 	C:\Program Files\Java\jdk-11.0.11\bin\instrument.dll
0x00007ffe64bb0000 - 0x00007ffe64bc6000 	C:\Program Files\Java\jdk-11.0.11\bin\zip.dll
0x00007ffe73ae0000 - 0x00007ffe74fcf000 	C:\Windows\System32\SHELL32.dll
0x00007ffe73560000 - 0x00007ffe73608000 	C:\Windows\System32\shcore.dll
0x00007ffe71ef0000 - 0x00007ffe72638000 	C:\Windows\System32\windows.storage.dll
0x00007ffe71b60000 - 0x00007ffe71b84000 	C:\Windows\System32\profapi.dll
0x00007ffe71ae0000 - 0x00007ffe71b3d000 	C:\Windows\System32\powrprof.dll
0x00007ffe755d0000 - 0x00007ffe75622000 	C:\Windows\System32\shlwapi.dll
0x00007ffe71be0000 - 0x00007ffe71bf7000 	C:\Windows\System32\cryptsp.dll
0x00007ffe62b90000 - 0x00007ffe62ba9000 	C:\Program Files\Java\jdk-11.0.11\bin\net.dll
0x00007ffe61f10000 - 0x00007ffe62001000 	C:\Windows\SYSTEM32\WINHTTP.dll
0x00007ffe70f90000 - 0x00007ffe70ff7000 	C:\Windows\system32\mswsock.dll
0x00007ffe5b0c0000 - 0x00007ffe5b0d2000 	C:\Program Files\Java\jdk-11.0.11\bin\nio.dll
0x00007ffe58ca0000 - 0x00007ffe58cba000 	C:\Program Files\JetBrains\IntelliJ IDEA 2021.1.3\bin\breakgen64.dll
0x00007ffe70d30000 - 0x00007ffe70df6000 	C:\Windows\SYSTEM32\DNSAPI.dll
0x00007ffe73ad0000 - 0x00007ffe73ad8000 	C:\Windows\System32\NSI.dll
0x00007ffe70cf0000 - 0x00007ffe70d2d000 	C:\Windows\SYSTEM32\IPHLPAPI.DLL
0x00007ffe5fa50000 - 0x00007ffe5fa5a000 	C:\Windows\System32\rasadhlp.dll
0x00007ffe62010000 - 0x00007ffe62089000 	C:\Windows\System32\fwpuclnt.dll
0x00007ffe71bb0000 - 0x00007ffe71bd6000 	C:\Windows\System32\bcrypt.dll
0x00007ffe6b450000 - 0x00007ffe6b459000 	C:\Program Files\Java\jdk-11.0.11\bin\management.dll
0x00007ffe69990000 - 0x00007ffe6999b000 	C:\Program Files\Java\jdk-11.0.11\bin\management_ext.dll
0x00007ffe70b50000 - 0x00007ffe70b83000 	C:\Windows\system32\rsaenh.dll
0x00007ffe719e0000 - 0x00007ffe71a08000 	C:\Windows\SYSTEM32\USERENV.dll
0x00007ffe71160000 - 0x00007ffe7116c000 	C:\Windows\SYSTEM32\CRYPTBASE.dll
0x00007ffe61d30000 - 0x00007ffe61d46000 	C:\Windows\SYSTEM32\dhcpcsvc6.DLL
0x00007ffe61bb0000 - 0x00007ffe61bcc000 	C:\Windows\SYSTEM32\dhcpcsvc.DLL
0x00007ffe4fc70000 - 0x00007ffe4fc86000 	C:\Windows\system32\napinsp.dll
0x00007ffe4fc50000 - 0x00007ffe4fc6a000 	C:\Windows\system32\pnrpnsp.dll
0x00007ffe4fc30000 - 0x00007ffe4fc3e000 	C:\Windows\System32\winrnr.dll
0x00007ffe6d620000 - 0x00007ffe6d63b000 	C:\Windows\system32\NLAapi.dll
0x00007ffe68430000 - 0x00007ffe68445000 	C:\Windows\system32\wshbth.dll

dbghelp: loaded successfully - version: 4.0.5 - missing functions: none
symbol engine: initialized successfully - sym options: 0x614 - pdb path: .;C:\Program Files\Java\jdk-11.0.11\bin;C:\Windows\SYSTEM32;C:\Windows\WinSxS\amd64_microsoft.windows.common-controls_6595b64144ccf1df_6.0.17763.107_none_05b63884071e656e;C:\Program Files\Java\jdk-11.0.11\bin\server;C:\Program Files\JetBrains\IntelliJ IDEA 2021.1.3\bin

VM Arguments:
jvm_args: -XX:TieredStopAtLevel=1 -Xverify:none -Dspring.output.ansi.enabled=always -javaagent:C:\Program Files\JetBrains\IntelliJ IDEA 2021.1.3\lib\idea_rt.jar=58865:C:\Program Files\JetBrains\IntelliJ IDEA 2021.1.3\bin -Dcom.sun.management.jmxremote -Dspring.jmx.enabled=true -Dspring.liveBeansView.mbeanDomain -Dspring.application.admin.enabled=true -Dfile.encoding=UTF-8 
java_command: com.epam.esm.controller.EsmApplicationRunner
java_class_path (initial): D:\workspace\epam_training_center\module_4\gift_certificates_system\controller\target\classes;D:\workspace\epam_training_center\module_4\gift_certificates_system\service\target\classes;D:\workspace\epam_training_center\module_4\gift_certificates_system\repository\target\classes;D:\workspace\epam_training_center\module_4\gift_certificates_system\model\target\classes;C:\Users\n199a\.m2\repository\org\springframework\boot\spring-boot-starter-hateoas\2.5.6\spring-boot-starter-hateoas-2.5.6.jar;C:\Users\n199a\.m2\repository\org\springframework\boot\spring-boot-starter-web\2.5.6\spring-boot-starter-web-2.5.6.jar;C:\Users\n199a\.m2\repository\org\springframework\boot\spring-boot-starter-json\2.5.6\spring-boot-starter-json-2.5.6.jar;C:\Users\n199a\.m2\repository\com\fasterxml\jackson\datatype\jackson-datatype-jdk8\2.12.5\jackson-datatype-jdk8-2.12.5.jar;C:\Users\n199a\.m2\repository\com\fasterxml\jackson\module\jackson-module-parameter-names\2.12.5\jackson-module-parameter-names-2.12.5.jar;C:\Users\n199a\.m2\repository\org\springframework\boot\spring-boot-starter-tomcat\2.5.6\spring-boot-starter-tomcat-2.5.6.jar;C:\Users\n199a\.m2\repository\org\apache\tomcat\embed\tomcat-embed-core\9.0.54\tomcat-embed-core-9.0.54.jar;C:\Users\n199a\.m2\repository\org\apache\tomcat\embed\tomcat-embed-websocket\9.0.54\tomcat-embed-websocket-9.0.54.jar;C:\Users\n199a\.m2\repository\org\springframework\spring-web\5.3.12\spring-web-5.3.12.jar;C:\Users\n199a\.m2\repository\org\springframework\spring-webmvc\5.3.12\spring-webmvc-5.3.12.jar;C:\Users\n199a\.m2\repository\org\springframework\hateoas\spring-hateoas\1.3.5\spring-hateoas-1.3.5.jar;C:\Users\n199a\.m2\repository\org\springframework\plugin\spring-plugin-core\2.0.0.RELEASE\spring-plugin-core-2.0.0.RELEASE.jar;C:\Users\n199a\.m2\repository\org\springframework\boot\spring-boot-starter-validation\2.5.6\spring-boot-starter-validation-2.5.6.jar;C:\Users\n199a\.m2\repository\org\apache\tomcat\embed\tomcat-embed-el\9.0
Launcher Type: SUN_STANDARD

[Global flags]
     bool BytecodeVerificationLocal                = false                                     {product} {command line}
     bool BytecodeVerificationRemote               = false                                     {product} {command line}
     intx CICompilerCount                          = 4                                         {product} {ergonomic}
     uint ConcGCThreads                            = 2                                         {product} {ergonomic}
     uint G1ConcRefinementThreads                  = 8                                         {product} {ergonomic}
   size_t G1HeapRegionSize                         = 1048576                                   {product} {ergonomic}
    uintx GCDrainStackTargetSize                   = 64                                        {product} {ergonomic}
   size_t InitialHeapSize                          = 268435456                                 {product} {ergonomic}
     bool ManagementServer                         = true                                      {product} {command line}
   size_t MarkStackSize                            = 4194304                                   {product} {ergonomic}
   size_t MaxHeapSize                              = 4265607168                                {product} {ergonomic}
   size_t MaxNewSize                               = 2558525440                                {product} {ergonomic}
   size_t MinHeapDeltaBytes                        = 1048576                                   {product} {ergonomic}
    uintx NonNMethodCodeHeapSize                   = 7549744                                {pd product} {ergonomic}
    uintx NonProfiledCodeHeapSize                  = 244108496                              {pd product} {ergonomic}
    uintx ProfiledCodeHeapSize                     = 0                                      {pd product} {ergonomic}
    uintx ReservedCodeCacheSize                    = 251658240                              {pd product} {ergonomic}
     bool SegmentedCodeCache                       = true                                      {product} {ergonomic}
     intx TieredStopAtLevel                        = 1                                         {product} {command line}
     bool UseCompressedClassPointers               = true                                 {lp64_product} {ergonomic}
     bool UseCompressedOops                        = true                                 {lp64_product} {ergonomic}
     bool UseG1GC                                  = true                                      {product} {ergonomic}
     bool UseLargePagesIndividualAllocation        = false                                  {pd product} {ergonomic}

Logging:
Log output configuration:
 #0: stdout all=warning uptime,level,tags
 #1: stderr all=off uptime,level,tags

Environment Variables:
PATH=C:\Program Files\Common Files\Oracle\Java\javapath;C:\Program Files (x86)\Intel\Intel(R) Management Engine Components\iCLS\;C:\Program Files\Intel\Intel(R) Management Engine Components\iCLS\;C:\Windows\system32;C:\Windows;C:\Windows\System32\Wbem;C:\Windows\System32\WindowsPowerShell\v1.0\;C:\Windows\System32\OpenSSH\;C:\Program Files\Intel\WiFi\bin\;C:\Program Files\Common Files\Intel\WirelessCommon\;C:\Program Files (x86)\NVIDIA Corporation\PhysX\Common;C:\Program Files (x86)\Intel\Intel(R) Management Engine Components\DAL;C:\Program Files\Intel\Intel(R) Management Engine Components\DAL;C:\Program Files (x86)\Intel\Intel(R) Management Engine Components\IPT;C:\Program Files\Intel\Intel(R) Management Engine Components\IPT;C:\Program Files\Microsoft VS Code\bin;C:\Program Files\Grandle\bin;C:\Program Files (x86)\Groovy\bin;C:\Program Files\Git\cmd;C:\Users\n199a\AppData\Local\Microsoft\WindowsApps;C:\Program Files\Intel\WiFi\bin\;C:\Program Files\Common Files\Intel\WirelessCommon\;C:\Program Files\JetBrains\IntelliJ IDEA 2021.1.3\bin;;C:\Program Files\JetBrains\DataGrip 2021.1.3\bin;
USERNAME=n199a
OS=Windows_NT
PROCESSOR_IDENTIFIER=Intel64 Family 6 Model 142 Stepping 10, GenuineIntel



---------------  S Y S T E M  ---------------

OS: Windows 10 , 64 bit Build 17763 (10.0.17763.1)

CPU:total 8 (initial active 8) (4 cores per cpu, 2 threads per core) family 6 model 142 stepping 10 microcode 0x96, cmov, cx8, fxsr, mmx, sse, sse2, sse3, ssse3, sse4.1, sse4.2, popcnt, avx, avx2, aes, clmul, erms, 3dnowpref, lzcnt, ht, tsc, tscinvbit, bmi1, bmi2, adx, fma

Memory: 4k page, system-wide physical 16264M (3502M free)
TotalPageFile size 24515M (AvailPageFile size 2981M)
current process WorkingSet (physical memory assigned to process): 86M, peak: 86M
current process commit charge ("private bytes"): 354M, peak: 354M

vm_info: Java HotSpot(TM) 64-Bit Server VM (11.0.11+9-LTS-194) for windows-amd64 JRE (11.0.11+9-LTS-194), built on Mar 18 2021 18:46:53 by "mach5one" with MS VC++ 15.9 (VS2017)

END.
